(* EMC: Enhanced Monte Carlo simulations *)

version 9.4.4, build Jul 27 2022 18:02:20, date Sun Feb 26 18:36:11 2023

valid until Aug 01, 2023

Info: script v1.0 started at Sun Feb 26 18:36:11 2023
Info: variables = {seed -> -1, ntotal -> 5000, fshape -> 1, output ->
        "pack_mol", field -> "pcff/pcff", location1 -> "../../field/", nav ->
        0.6022141179, temperature -> 300, radius -> 5, nrelax -> 100, 
        weight_nonbond -> 0.0001, weight_bond -> 0.0001, weight_focus -> 1, 
        cutoff -> 9.5, charge_cutoff -> 9.5, kappa -> 4, density1 -> 0.85, 
        lprevious -> 0, lphase -> 0, f_mol1 -> 50, f_mol2 -> 50, chem_mol1 ->
        "CC(COC[C@H](CO)OCCCOCC(C)(COC[C@@H]1OC1)C)(C)COC[C@@H]1OC1", 
        chem_mol2 -> "CC(COC[C@@H]1OC1)(C)COC[C@@H]1OC1"}
Info: output = 
      {detail -> 3, wide -> false, expand -> false, math -> true, reduced ->
        false, info -> true, strict -> true, warning -> true, message -> true,
        debug -> false, exit -> true, ignore -> false}
Info: field = {id -> pcff, mode -> cff, style -> none, name ->
        {"../../field/pcff/pcff.frc", "../../field/pcff/pcff_templates.dat"}, 
        compress -> false, error -> true, debug -> false, check -> {atomistic
          -> true, charge -> true}}
Info: importing '../../field/pcff/pcff.frc'
Warning: duplicate field.bond entry 40 [28:28] omitted.
Warning: duplicate field.bond entry 51 [28:77] omitted.
Warning: duplicate field.bond entry 62 [28:157] omitted.
Warning: duplicate field.bond entry 176 [44:45] omitted.
Warning: duplicate field.bond entry 328 [53:156] omitted.
Warning: duplicate field.bond entry 364 [65:65] omitted.
Warning: duplicate field.bond entry 365 [65:65] omitted.
Warning: duplicate field.bond entry 367 [65:77] omitted.
Warning: duplicate field.bond entry 689 [143:171] omitted.
Info: groups = {ngroups -> 2, group -> {
          {id -> mol1, chemistry ->
            "CC(COC[C@H](CO)OCCCOCC(C)(COC[C@@H]1OC1)C)(C)COC[C@@H]1OC1", 
            depth -> 8, charges -> forcefield, charge -> 0, terminator ->
            false, bias -> none}, 
          {id -> mol2, chemistry -> "CC(COC[C@@H]1OC1)(C)COC[C@@H]1OC1", depth
            -> 8, charges -> forcefield, charge -> 0, terminator -> false, 
            bias -> none}}, ndeletes -> 0, npolymers -> 0}
Info: field = {mode -> apply, style -> none, error -> true, debug -> false, 
        check -> {atomistic -> true, charge -> true}}
Info: applying '../../field/pcff/pcff.frc'
Info: variables = {lg_mol1 -> 72, lg_mol2 -> 35, l_mol1 -> 72, norm_mol1 -> 1,
        l_mol2 -> 35, norm_mol2 -> 1, mg_mol1 -> 434.57524, mg_mol2 ->
        216.27965, m_mol1 -> 434.57524, m_mol2 -> 216.27965, f_mol1 ->
        0.505880031284, f_mol2 -> 0.494119968716, norm -> 16.3753271558, 
        n_mol1 -> 35, n_mol2 -> 71, ntotal -> 0, mtotal -> 0}
Info: simulation = {units -> {permittivity -> 1, seed -> seed}, types -> {
          coulomb -> {pair -> {active -> true, cutoff -> charge_cutoff}}}}
Info: clusters = {progress -> none, nbodys -> 0, nclusters -> 2, 
        cluster -> {{id -> mol1, system -> main, n -> 35, 
            group -> mol1}, {id -> mol2, system -> main, n -> 71, group ->
            mol2}}, ngrafts -> 0, npolymers -> 0}
      delta = {systems -> 1, bodies -> 0, clusters -> 106, sites -> 5005}
Info: field = {mode -> apply, style -> none, error -> true, debug -> false, 
        check -> {atomistic -> true, charge -> true}}
Info: applying '../../field/pcff/pcff.frc'
Info: variables = {nphase1 -> 5005, mphase1 -> 30565.98855, vphase1 ->
        59712.9583325, lbox -> 39.0861471395, lphase1 -> 39.0861471395, lxx ->
        39.0861471395, lyy -> 39.0861471395, lzz -> 39.0861471395, lzy -> 0, 
        lzx -> 0, lyx -> 0, lphase -> 39.0861471395, ntotal -> 5005, mtotal ->
        30565.98855, vtotal -> 59712.9583325}
Info: types = {cff -> {pair -> {active -> true, mode -> repulsive, cutoff ->
            cutoff}}}
Info: build = {
        system -> {id -> main, temperature -> 300, density -> 0.85, split ->
          false, flag -> {charge -> true, map -> true, pbc -> true, geometry
            -> true}, periodic -> {x -> true, y -> true, z -> true}, geometry
          -> {xx -> 39.0861471395, yy -> 39.0861471395, zz -> 39.0861471395, 
            zy -> 0, zx -> 0, yx -> 0}, deform -> {xx -> 1, yy -> 1, zz -> 1, 
            zy -> 0, zx -> 0, yx -> 0}}, 
        select -> {progress -> list, frequency -> 1, message -> nkt, center ->
          false, origin -> {x -> 0, y -> 0, z -> 0}, order -> random, check ->
          true, nclusters -> 2, cluster -> {mol1, mol2}, 
          relax -> {ncycles -> 100, radius -> 5}, name -> "error", 
          grow -> {check -> all, method -> energetic, cutoff -> 0, 
            weight -> {nonbonded -> 0.0001, bonded -> 0.0001, focus -> 1}, 
            theta -> 0, dphi -> 1, nbonded -> 20, ntrials -> 20, niterations
            -> 1000}}}
Info: building 5005 sites.

   progress/%      E[0]/nkT
---------------------------
            0             0
            1      0.141194
            2     0.2831324
            3     0.3381293
            4     0.5824818
            5     0.6854186
            6     0.7340084
            7     0.7840551
            8     0.7694457
            9     0.9526719
           10      1.111394
           11      1.155546
           12      1.171327
           13       1.18556
           14      1.345522
           15      1.435492
           16      1.506038
           17      1.630315
           18      1.866659
           19      1.905003
           20      2.075903
           21      2.288636
           22      2.229312
           23      2.258507
           24      2.391595
           25      2.413717
           26      2.553047
           27      2.767122
           28      3.296266
           29      3.331548
           30      3.453571
           31      3.879321
           32      4.192259
           33      4.628238
           34      5.056566
           35      5.838028
           36      6.080281
           37      6.460798
           38      7.011183
           39      7.316962
           40      7.666405
           41      7.857357
           42      7.893278
           43       8.29417
           44      8.691486
           45      9.422118
           46      10.18438
           47      10.50348
           48      10.84718
           49      11.15681
           50      11.28979
           51       11.4849
           52      11.46918
           53       11.6119
           54      11.68837
           55      11.80213
           56      11.82245
           57      12.02706
           58      12.11523
           59      12.08983
           60      12.12868
           61      12.11254
           62       12.0134
           63      12.00758
           64      12.08717
           65      12.10995
           66      12.06077
           67      11.99336
           68      11.89751
           69      11.83983
           70      11.82122
           71      11.73016
           72      11.64948
           73      11.61985
           74      11.58727
           75      11.43387
           76      11.34372
           77      11.23366
           78      11.15311
           79      11.05715
           80      10.99518
           81      10.90131
           82      10.86884
           83      10.84965
           84      10.75658
           85      10.69288
           86      10.69125
           87       10.6815
           88      10.63639
           89      10.72674
           90      10.68005
           91      10.74756
           92      10.97405
           93      10.96396
           94      11.09238
           95      11.33882
           96      11.41491
           97      11.49631
           98      11.66749
           99      11.72658
          100      11.79114
---------------------------
      average      7.679184

      niterations = 4264, <niterations> = 0.851948
Info: force = {style -> none, message -> nkt}

(* Energy *)

                         E[0]/nkT 
---------------------------------
cff.angle                 9.90924 
cff.angle_angle       -0.03813589 
cff.angle_angle_tor     -0.594602 
cff.angle_torsion      -0.1164556 
cff.bond                0.7506224 
cff.bond_angle        -0.06512256 
cff.bond_bond       -0.0009758257 
cff.bond_bond_13                0 
cff.end_bond_torsio -0.0004730094 
cff.improper                    0 
cff.middle_bond_tor   -0.04588105 
cff.pair                 2.513729 
cff.torsion            -0.5208029 
---------------------------------
total                    11.79114 

Info: force = {style -> init, message -> nkt}

(* Energy *)

                         E[0]/nkT 
---------------------------------
cff.angle                 9.90924 
cff.angle_angle       -0.03813589 
cff.angle_angle_tor     -0.594602 
cff.angle_torsion      -0.1164556 
cff.bond                0.7506224 
cff.bond_angle        -0.06512256 
cff.bond_bond       -0.0009758257 
cff.bond_bond_13                0 
cff.end_bond_torsio -0.0004730094 
cff.improper                    0 
cff.middle_bond_tor   -0.04588105 
cff.pair                 2.513729 
cff.torsion            -0.5208029 
---------------------------------
total                    11.79114 

Info: put = {name -> "pack_mol", compress -> true, detail -> 3}
Info: pdb = {name -> "pack_mol", compress -> true, extend -> false, mode ->
        put, system -> main, length -> auto, forcefield -> cff, atomistic ->
        full, depth -> auto, charges -> false, detect -> false, atom -> index,
        residue -> index, segment -> index, rank -> false, hexadecimal ->
        false, cut -> false, pbc -> true, map -> false, unwrap -> clusters, 
        rigid -> true, fixed -> true, vdw -> false, connectivity -> false, 
        crystal -> false, element -> auto, parameters -> false, flag -> {
          charge -> true, map -> true, pbc -> true, geometry -> true}}
Info: lammps = {name -> "pack_mol", compress -> false, system -> main, mode ->
        put, length -> auto, units -> none, forcefield -> cff, shake -> auto, 
        atomistic -> none, detect -> true, cutoff -> false, charges -> true, 
        ewald -> true, ellipsoid -> false, sphere -> false, bonds -> false, 
        types -> false, data -> true, parameters -> true, cross -> false, 
        variables -> true, coefficients -> true, comment -> true, map -> true,
        unwrap -> true, flag -> {charge -> true, map -> true, pbc -> true, 
          geometry -> true}}
Info: tsc: bonded = {145.8, 31.73, 14.04, 35.07, 36.26, 27.28} s
Info: tsc: simulation = 186 s, threads = 0 s
Info: tsc: thread = 0 s
Info: script v1.0 finished at Sun Feb 26 18:39:17 2023

Info: Thank you for using EMC v9.4.4
Info: In any publication of scientific results based in part or
Info: completely on the use of EMC, please include this reference:
Info: P.J. in 't Veld and G.C. Rutledge, Macromolecules 2003, 36, 7358

