(* EMC: Enhanced Monte Carlo simulations *)

version 9.4.4, build Jul 27 2022 18:02:20, date Sat Feb 25 19:51:42 2023

valid until Aug 01, 2023

Info: script v1.0 started at Sat Feb 25 19:51:42 2023
Info: variables = {seed -> -1, ntotal -> 5000, fshape -> 1, output ->
        "pack_mol", field -> "pcff/pcff", location1 -> "../../field/", nav ->
        0.6022141179, temperature -> 300, radius -> 5, nrelax -> 100, 
        weight_nonbond -> 0.0001, weight_bond -> 0.0001, weight_focus -> 1, 
        cutoff -> 9.5, charge_cutoff -> 9.5, kappa -> 4, density1 -> 0.45, 
        lprevious -> 0, lphase -> 0, f_mol1 -> 90, f_mol2 -> 10, chem_mol1 ->
        "[C@H]1(COC[C@@H]2CO2)C[C@@H]2[C@H]3[C@H](C[C@@H](COC[C@@H]4OC4)C3)[C@H]1C2",
        chem_mol2 ->
        "[C@H]1(COCCCO[C@@H](COC[C@H]2C[C@@H]3[C@H]4[C@H](C[C@@H](COC[C@@H]5OC5)C4)[C@H]2C3)CO)C[C@@H]2[C@H]3[C@H](C[C@@H](COC[C@@H]4OC4)C3)[C@H]1C2"}
Info: output = 
      {detail -> 3, wide -> false, expand -> false, math -> true, reduced ->
        false, info -> true, strict -> true, warning -> true, message -> true,
        debug -> false, exit -> true, ignore -> false}
Info: field = {id -> pcff, mode -> cff, style -> none, name ->
        {"../../field/pcff/pcff.frc", "../../field/pcff/pcff_templates.dat"}, 
        compress -> false, error -> true, debug -> false, check -> {atomistic
          -> true, charge -> true}}
Info: importing '../../field/pcff/pcff.frc'
Warning: duplicate field.bond entry 40 [28:28] omitted.
Warning: duplicate field.bond entry 51 [28:77] omitted.
Warning: duplicate field.bond entry 62 [28:157] omitted.
Warning: duplicate field.bond entry 176 [44:45] omitted.
Warning: duplicate field.bond entry 328 [53:156] omitted.
Warning: duplicate field.bond entry 364 [65:65] omitted.
Warning: duplicate field.bond entry 365 [65:65] omitted.
Warning: duplicate field.bond entry 367 [65:77] omitted.
Warning: duplicate field.bond entry 689 [143:171] omitted.
Info: groups = {ngroups -> 2, group -> {
          {id -> mol1, chemistry ->
            "[C@H]1(COC[C@@H]2CO2)C[C@@H]2[C@H]3[C@H](C[C@@H](COC[C@@H]4OC4)C3)[C@H]1C2",
            depth -> 8, charges -> forcefield, charge -> 0, terminator ->
            false, bias -> none}, 
          {id -> mol2, chemistry ->
            "[C@H]1(COCCCO[C@@H](COC[C@H]2C[C@@H]3[C@H]4[C@H](C[C@@H](COC[C@@H]5OC5)C4)[C@H]2C3)CO)C[C@@H]2[C@H]3[C@H](C[C@@H](COC[C@@H]4OC4)C3)[C@H]1C2",
            depth -> 8, charges -> forcefield, charge -> 0, terminator ->
            false, bias -> none}}, ndeletes -> 0, npolymers -> 0}
Info: field = {mode -> apply, style -> none, error -> true, debug -> false, 
        check -> {atomistic -> true, charge -> true}}
Info: applying '../../field/pcff/pcff.frc'
Info: variables = {lg_mol1 -> 50, lg_mol2 -> 102, l_mol1 -> 50, norm_mol1 ->
        1, l_mol2 -> 102, norm_mol2 -> 1, mg_mol1 -> 308.42146, mg_mol2 ->
        618.85886, m_mol1 -> 308.42146, m_mol2 -> 618.85886, f_mol1 ->
        0.898501538612, f_mol2 -> 0.101498461388, norm -> 16.2386192874, 
        n_mol1 -> 90, n_mol2 -> 5, ntotal -> 0, mtotal -> 0}
Info: simulation = {units -> {permittivity -> 1, seed -> seed}, types -> {
          coulomb -> {pair -> {active -> true, cutoff -> charge_cutoff}}}}
Info: clusters = {progress -> none, nbodys -> 0, nclusters -> 2, 
        cluster -> {{id -> mol1, system -> main, n -> 90, 
            group -> mol1}, {id -> mol2, system -> main, n -> 5, group ->
            mol2}}, ngrafts -> 0, npolymers -> 0}
      delta = {systems -> 1, bodies -> 0, clusters -> 95, sites -> 5010}
Info: field = {mode -> apply, style -> none, error -> true, debug -> false, 
        check -> {atomistic -> true, charge -> true}}
Info: applying '../../field/pcff/pcff.frc'
Info: variables = {nphase1 -> 5010, mphase1 -> 30852.2257, vphase1 ->
        113847.383377, lbox -> 48.4664285159, lphase1 -> 48.4664285159, lxx ->
        48.4664285159, lyy -> 48.4664285159, lzz -> 48.4664285159, lzy -> 0, 
        lzx -> 0, lyx -> 0, lphase -> 48.4664285159, ntotal -> 5010, mtotal ->
        30852.2257, vtotal -> 113847.383377}
Info: types = {cff -> {pair -> {active -> true, mode -> repulsive, cutoff ->
            cutoff}}}
Info: build = {
        system -> {id -> main, temperature -> 300, density -> 0.45, split ->
          false, flag -> {charge -> true, map -> true, pbc -> true, geometry
            -> true}, periodic -> {x -> true, y -> true, z -> true}, geometry
          -> {xx -> 48.4664285159, yy -> 48.4664285159, zz -> 48.4664285159, 
            zy -> 0, zx -> 0, yx -> 0}, deform -> {xx -> 1, yy -> 1, zz -> 1, 
            zy -> 0, zx -> 0, yx -> 0}}, 
        select -> {progress -> list, frequency -> 1, message -> nkt, center ->
          false, origin -> {x -> 0, y -> 0, z -> 0}, order -> random, check ->
          true, nclusters -> 2, cluster -> {mol1, mol2}, 
          relax -> {ncycles -> 100, radius -> 5}, name -> "error", 
          grow -> {check -> all, method -> energetic, cutoff -> 0, 
            weight -> {nonbonded -> 0.0001, bonded -> 0.0001, focus -> 1}, 
            theta -> 0, dphi -> 1, nbonded -> 20, ntrials -> 20, niterations
            -> 1000}}}
Info: building 5010 sites.

   progress/%      E[0]/nkT
---------------------------
            0      1.212577
            1      1.114312
            2      1.153738
            3      1.119133
            4      1.187601
            5      1.274643
            6       31.1279
            7      3.188158
            8      2.299236
            9      5.713841
           10      5.822583
           11      10.95267
           12      32.16549
           13      31.47029
           14      28.35549
           15      14.88025
           16      14.84949
           17      12.89802
           18       11.6099
           19       37.8314
           20      10.31985
           21      13.86125
           22      12.40779
           23      12.82916
           24      13.97461
           25      9.781556
           26      8.219721
           27      6.389755
           28      6.514487
           29      7.319927
           30      30.42696
           31      29.26774
           32       10.3229
           33      7.172232
           34      6.663724
           35      5.857669
           36      5.866048
           37      6.158972
           38      6.452142
           39      5.902648
           40      5.925165
           41      6.098172
           42      6.124905
           43       6.55123
           44       6.59239
           45      6.833092
           46      7.239609
           47      7.246727
           48      7.221894
           49      7.576754
           50      7.651081
           51      7.607544
           52      7.717527
           53      8.020502
           54      8.314488
           55      8.312355
           56       8.71218
           57      8.671394
           58      8.791312
           59      8.850214
           60      8.805066
           61      8.760296
           62      8.816115
           63      8.853474
           64      8.771217
           65      8.884256
           66      8.890542
           67      8.962487
           68      9.132444
           69      9.155388
           70       9.18537
           71      9.292957
           72      9.355118
           73      9.258699
           74      9.533949
           75      9.774576
           76      9.758657
           77      9.721294
           78      9.945726
           79      9.940218
           80      9.957889
           81      10.12711
           82      10.26742
           83      10.31751
           84      10.41638
           85      10.61255
           86      10.47994
           87      10.57082
           88      10.64927
           89      10.67577
           90      10.68517
           91      10.78935
           92       10.7938
           93      10.72911
           94      10.86379
           95      10.84013
           96      10.78014
           97      11.10795
           98      11.19794
           99      10.89312
          100       10.9078
---------------------------
      average      10.14312

      niterations = 3230, <niterations> = 0.644711
Info: force = {style -> none, message -> nkt}

(* Energy *)

                         E[0]/nkT 
---------------------------------
cff.angle                10.74015 
cff.angle_angle       -0.01883364 
cff.angle_angle_tor     -1.351639 
cff.angle_torsion      -0.1462572 
cff.bond                0.9533532 
cff.bond_angle        -0.09971699 
cff.bond_bond       -0.0005727673 
cff.bond_bond_13                0 
cff.end_bond_torsio  -0.009104484 
cff.improper                    0 
cff.middle_bond_tor   -0.09187275 
cff.pair                 1.650094 
cff.torsion             -0.717797 
---------------------------------
total                     10.9078 

Info: force = {style -> init, message -> nkt}

(* Energy *)

                         E[0]/nkT 
---------------------------------
cff.angle                10.74015 
cff.angle_angle       -0.01883364 
cff.angle_angle_tor     -1.351639 
cff.angle_torsion      -0.1462572 
cff.bond                0.9533532 
cff.bond_angle        -0.09971699 
cff.bond_bond       -0.0005727673 
cff.bond_bond_13                0 
cff.end_bond_torsio  -0.009104484 
cff.improper                    0 
cff.middle_bond_tor   -0.09187275 
cff.pair                 1.650094 
cff.torsion             -0.717797 
---------------------------------
total                     10.9078 

Info: put = {name -> "pack_mol", compress -> true, detail -> 3}
Info: pdb = {name -> "pack_mol", compress -> true, extend -> false, mode ->
        put, system -> main, length -> auto, forcefield -> cff, atomistic ->
        full, depth -> auto, charges -> false, detect -> false, atom -> index,
        residue -> index, segment -> index, rank -> false, hexadecimal ->
        false, cut -> false, pbc -> true, map -> false, unwrap -> clusters, 
        rigid -> true, fixed -> true, vdw -> false, connectivity -> false, 
        crystal -> false, element -> auto, parameters -> false, flag -> {
          charge -> true, map -> true, pbc -> true, geometry -> true}}
Info: lammps = {name -> "pack_mol", compress -> false, system -> main, mode ->
        put, length -> auto, units -> none, forcefield -> cff, shake -> auto, 
        atomistic -> none, detect -> true, cutoff -> false, charges -> true, 
        ewald -> true, ellipsoid -> false, sphere -> false, bonds -> false, 
        types -> false, data -> true, parameters -> true, cross -> false, 
        variables -> true, coefficients -> true, comment -> true, map -> true,
        unwrap -> true, flag -> {charge -> true, map -> true, pbc -> true, 
          geometry -> true}}
Info: tsc: bonded = {138.3, 30.14, 11.51, 31.34, 40.17, 24.12} s
Info: tsc: simulation = 166.7 s, threads = 0 s
Info: tsc: thread = 0 s
Info: script v1.0 finished at Sat Feb 25 19:54:29 2023

Info: Thank you for using EMC v9.4.4
Info: In any publication of scientific results based in part or
Info: completely on the use of EMC, please include this reference:
Info: P.J. in 't Veld and G.C. Rutledge, Macromolecules 2003, 36, 7358

